{
  "stats": {
    "suites": 1,
    "tests": 6,
    "passes": 6,
    "pending": 0,
    "failures": 0,
    "testsRegistered": 6,
    "passPercent": 100,
    "pendingPercent": 0,
    "other": 0,
    "hasOther": false,
    "skipped": 0,
    "hasSkipped": false,
    "start": "2025-06-22T08:15:39.606Z",
    "end": "2025-06-22T08:16:04.063Z",
    "duration": 24457
  },
  "results": [
    {
      "uuid": "28bea34e-58c3-452d-ba6b-fb4d2e35601d",
      "title": "",
      "fullFile": "cypress/e2e/login.cy.js",
      "file": "cypress/e2e/login.cy.js",
      "beforeHooks": [],
      "afterHooks": [],
      "tests": [],
      "suites": [
        {
          "uuid": "45ac2213-e7fe-496b-ad1e-7e3ec8d8d51f",
          "title": "Hudl Login Tests",
          "fullFile": "",
          "file": "",
          "beforeHooks": [],
          "afterHooks": [],
          "tests": [
            {
              "title": "should show error with invalid credentials",
              "fullTitle": "Hudl Login Tests should show error with invalid credentials",
              "timedOut": null,
              "duration": 4128,
              "state": "passed",
              "speed": "fast",
              "pass": true,
              "fail": false,
              "pending": false,
              "context": null,
              "code": "_loginPage.default.enterEmail(Cypress.env('invalidEmail')).enterPassword(Cypress.env('invalidPassword')).assertInvalidLoginMessage();",
              "err": {},
              "uuid": "c9ecdd42-97a6-4720-84a1-6c24eab6e15c",
              "parentUUID": "45ac2213-e7fe-496b-ad1e-7e3ec8d8d51f",
              "isHook": false,
              "skipped": false
            },
            {
              "title": "should show error with correct email and wrong password",
              "fullTitle": "Hudl Login Tests should show error with correct email and wrong password",
              "timedOut": null,
              "duration": 3761,
              "state": "passed",
              "speed": "fast",
              "pass": true,
              "fail": false,
              "pending": false,
              "context": null,
              "code": "_loginPage.default.enterEmail(Cypress.env('validEmail')).enterPassword(Cypress.env('invalidPassword')).assertInvalidPasswordMessage();",
              "err": {},
              "uuid": "3d928705-e067-494e-a51b-12e814c71f6f",
              "parentUUID": "45ac2213-e7fe-496b-ad1e-7e3ec8d8d51f",
              "isHook": false,
              "skipped": false
            },
            {
              "title": "should show error with incorrect email and valid password",
              "fullTitle": "Hudl Login Tests should show error with incorrect email and valid password",
              "timedOut": null,
              "duration": 4430,
              "state": "passed",
              "speed": "fast",
              "pass": true,
              "fail": false,
              "pending": false,
              "context": null,
              "code": "_loginPage.default.enterEmail(Cypress.env('invalidEmail')).enterPassword(Cypress.env('validPassword')).assertInvalidLoginMessage();",
              "err": {},
              "uuid": "2fa41594-c16b-4c1d-ab0d-278c93aaf75a",
              "parentUUID": "45ac2213-e7fe-496b-ad1e-7e3ec8d8d51f",
              "isHook": false,
              "skipped": false
            },
            {
              "title": "should show error with incorrect email format",
              "fullTitle": "Hudl Login Tests should show error with incorrect email format",
              "timedOut": null,
              "duration": 1380,
              "state": "passed",
              "speed": "fast",
              "pass": true,
              "fail": false,
              "pending": false,
              "context": null,
              "code": "//TODO: Implement a test for invalid email format",
              "err": {},
              "uuid": "001d16fd-e76e-45e2-82fe-56a61a06a23f",
              "parentUUID": "45ac2213-e7fe-496b-ad1e-7e3ec8d8d51f",
              "isHook": false,
              "skipped": false
            },
            {
              "title": "should show error with incorrect password format",
              "fullTitle": "Hudl Login Tests should show error with incorrect password format",
              "timedOut": null,
              "duration": 1346,
              "state": "passed",
              "speed": "fast",
              "pass": true,
              "fail": false,
              "pending": false,
              "context": null,
              "code": "//TODO: Implement a test for invalid password format",
              "err": {},
              "uuid": "29fef45d-a74a-4234-b890-7deff28a2653",
              "parentUUID": "45ac2213-e7fe-496b-ad1e-7e3ec8d8d51f",
              "isHook": false,
              "skipped": false
            },
            {
              "title": "should login successfully with valid credentials",
              "fullTitle": "Hudl Login Tests should login successfully with valid credentials",
              "timedOut": null,
              "duration": 6746,
              "state": "passed",
              "speed": "medium",
              "pass": true,
              "fail": false,
              "pending": false,
              "context": null,
              "code": "_loginPage.default.enterEmail(Cypress.env('validEmail')).enterPassword(Cypress.env('validPassword')).assertSuccessfulLogin();",
              "err": {},
              "uuid": "deba20dc-0b62-4636-9bd7-9d58c97cd939",
              "parentUUID": "45ac2213-e7fe-496b-ad1e-7e3ec8d8d51f",
              "isHook": false,
              "skipped": false
            }
          ],
          "suites": [],
          "passes": [
            "c9ecdd42-97a6-4720-84a1-6c24eab6e15c",
            "3d928705-e067-494e-a51b-12e814c71f6f",
            "2fa41594-c16b-4c1d-ab0d-278c93aaf75a",
            "001d16fd-e76e-45e2-82fe-56a61a06a23f",
            "29fef45d-a74a-4234-b890-7deff28a2653",
            "deba20dc-0b62-4636-9bd7-9d58c97cd939"
          ],
          "failures": [],
          "pending": [],
          "skipped": [],
          "duration": 21791,
          "root": false,
          "rootEmpty": false,
          "_timeout": 2000
        }
      ],
      "passes": [],
      "failures": [],
      "pending": [],
      "skipped": [],
      "duration": 0,
      "root": true,
      "rootEmpty": true,
      "_timeout": 2000
    }
  ],
  "meta": {
    "mocha": {
      "version": "7.2.0"
    },
    "mochawesome": {
      "options": {
        "quiet": false,
        "reportFilename": "mochawesome",
        "saveHtml": false,
        "saveJson": true,
        "consoleReporter": "spec",
        "useInlineDiffs": false,
        "code": true
      },
      "version": "7.1.3"
    },
    "marge": {
      "options": {
        "reporterEnabled": "mochawesome",
        "mochawesomeReporterOptions": {
          "reportDir": "cypress/reports/mochawesome",
          "overwrite": false,
          "html": true,
          "json": true,
          "timestamp": "mmddyyyy_HHMMss"
        },
        "reportDir": "cypress/results",
        "overwrite": false,
        "html": false,
        "json": true
      },
      "version": "6.2.0"
    }
  }
}